{"/home/burn/GoStack/2020/challenges-bootcamp/challenge11/src/components/SearchInput/index.tsx": {"path":"/home/burn/GoStack/2020/challenges-bootcamp/challenge11/src/components/SearchInput/index.tsx","statementMap":{"0":{"start":{"line":11,"column":42},"end":{"line":43,"column":1}},"1":{"start":{"line":12,"column":36},"end":{"line":12,"column":51}},"2":{"start":{"line":13,"column":34},"end":{"line":13,"column":49}},"3":{"start":{"line":15,"column":27},"end":{"line":17,"column":8}},"4":{"start":{"line":16,"column":4},"end":{"line":16,"column":23}},"5":{"start":{"line":19,"column":26},"end":{"line":23,"column":13}},"6":{"start":{"line":20,"column":4},"end":{"line":20,"column":24}},"7":{"start":{"line":22,"column":4},"end":{"line":22,"column":25}},"8":{"start":{"line":25,"column":2},"end":{"line":42,"column":4}}},"fnMap":{"0":{"name":"(anonymous_0)","decl":{"start":{"line":11,"column":42},"end":{"line":11,"column":43}},"loc":{"start":{"line":11,"column":71},"end":{"line":43,"column":1}},"line":11},"1":{"name":"(anonymous_1)","decl":{"start":{"line":15,"column":39},"end":{"line":15,"column":40}},"loc":{"start":{"line":15,"column":45},"end":{"line":17,"column":3}},"line":15},"2":{"name":"(anonymous_2)","decl":{"start":{"line":19,"column":38},"end":{"line":19,"column":39}},"loc":{"start":{"line":19,"column":44},"end":{"line":23,"column":3}},"line":19}},"branchMap":{"0":{"loc":{"start":{"line":11,"column":45},"end":{"line":11,"column":55}},"type":"default-arg","locations":[{"start":{"line":11,"column":53},"end":{"line":11,"column":55}}],"line":11},"1":{"loc":{"start":{"line":30,"column":15},"end":{"line":30,"column":60}},"type":"cond-expr","locations":[{"start":{"line":30,"column":39},"end":{"line":30,"column":48}},{"start":{"line":30,"column":51},"end":{"line":30,"column":60}}],"line":30},"2":{"loc":{"start":{"line":30,"column":15},"end":{"line":30,"column":36}},"type":"binary-expr","locations":[{"start":{"line":30,"column":15},"end":{"line":30,"column":24}},{"start":{"line":30,"column":28},"end":{"line":30,"column":36}}],"line":30}},"s":{"0":1,"1":8,"2":8,"3":8,"4":0,"5":8,"6":0,"7":0,"8":8},"f":{"0":8,"1":0,"2":0},"b":{"0":[0],"1":[0,8],"2":[8,8]},"_coverageSchema":"1a1c01bbd47fc00a2c39e90264f33305004495a9","hash":"92c83a39adcda95a9a01fd01adfd94ce631d31c2"}
,"/home/burn/GoStack/2020/challenges-bootcamp/challenge11/src/components/SearchInput/styles.ts": {"path":"/home/burn/GoStack/2020/challenges-bootcamp/challenge11/src/components/SearchInput/styles.ts","statementMap":{"0":{"start":{"line":8,"column":25},"end":{"line":24,"column":1}},"1":{"start":{"line":20,"column":4},"end":{"line":23,"column":5}},"2":{"start":{"line":26,"column":25},"end":{"line":31,"column":1}},"3":{"start":{"line":33,"column":20},"end":{"line":35,"column":1}}},"fnMap":{"0":{"name":"(anonymous_0)","decl":{"start":{"line":19,"column":4},"end":{"line":19,"column":5}},"loc":{"start":{"line":20,"column":4},"end":{"line":23,"column":5}},"line":20}},"branchMap":{"0":{"loc":{"start":{"line":20,"column":4},"end":{"line":23,"column":5}},"type":"binary-expr","locations":[{"start":{"line":20,"column":4},"end":{"line":20,"column":19}},{"start":{"line":21,"column":4},"end":{"line":23,"column":5}}],"line":20}},"s":{"0":1,"1":8,"2":1,"3":1},"f":{"0":8},"b":{"0":[8,0]},"_coverageSchema":"1a1c01bbd47fc00a2c39e90264f33305004495a9","hash":"3806e5eb23ccfef580e14647b4bcb2cc52f58c51"}
,"/home/burn/GoStack/2020/challenges-bootcamp/challenge11/src/pages/Dashboard/index.tsx": {"path":"/home/burn/GoStack/2020/challenges-bootcamp/challenge11/src/pages/Dashboard/index.tsx","statementMap":{"0":{"start":{"line":46,"column":28},"end":{"line":168,"column":1}},"1":{"start":{"line":47,"column":28},"end":{"line":47,"column":48}},"2":{"start":{"line":48,"column":38},"end":{"line":48,"column":62}},"3":{"start":{"line":49,"column":50},"end":{"line":51,"column":5}},"4":{"start":{"line":52,"column":40},"end":{"line":52,"column":52}},"5":{"start":{"line":54,"column":23},"end":{"line":54,"column":38}},"6":{"start":{"line":56,"column":25},"end":{"line":62,"column":3}},"7":{"start":{"line":59,"column":6},"end":{"line":59,"column":38}},"8":{"start":{"line":64,"column":2},"end":{"line":78,"column":38}},"9":{"start":{"line":67,"column":23},"end":{"line":67,"column":46}},"10":{"start":{"line":69,"column":34},"end":{"line":72,"column":9}},"11":{"start":{"line":69,"column":65},"end":{"line":72,"column":7}},"12":{"start":{"line":74,"column":6},"end":{"line":74,"column":36}},"13":{"start":{"line":77,"column":4},"end":{"line":77,"column":16}},"14":{"start":{"line":80,"column":2},"end":{"line":89,"column":9}},"15":{"start":{"line":83,"column":23},"end":{"line":83,"column":50}},"16":{"start":{"line":85,"column":6},"end":{"line":85,"column":26}},"17":{"start":{"line":88,"column":4},"end":{"line":88,"column":21}},"18":{"start":{"line":95,"column":2},"end":{"line":167,"column":4}},"19":{"start":{"line":103,"column":25},"end":{"line":103,"column":52}},"20":{"start":{"line":124,"column":14},"end":{"line":136,"column":29}},"21":{"start":{"line":127,"column":31},"end":{"line":127,"column":64}},"22":{"start":{"line":144,"column":14},"end":{"line":161,"column":21}},"23":{"start":{"line":146,"column":31},"end":{"line":146,"column":54}}},"fnMap":{"0":{"name":"(anonymous_0)","decl":{"start":{"line":46,"column":28},"end":{"line":46,"column":29}},"loc":{"start":{"line":46,"column":34},"end":{"line":168,"column":1}},"line":46},"1":{"name":"(anonymous_1)","decl":{"start":{"line":57,"column":4},"end":{"line":57,"column":5}},"loc":{"start":{"line":57,"column":20},"end":{"line":60,"column":5}},"line":57},"2":{"name":"(anonymous_2)","decl":{"start":{"line":64,"column":12},"end":{"line":64,"column":13}},"loc":{"start":{"line":64,"column":18},"end":{"line":78,"column":3}},"line":64},"3":{"name":"loadFoods","decl":{"start":{"line":65,"column":19},"end":{"line":65,"column":28}},"loc":{"start":{"line":65,"column":46},"end":{"line":75,"column":5}},"line":65},"4":{"name":"(anonymous_4)","decl":{"start":{"line":69,"column":43},"end":{"line":69,"column":44}},"loc":{"start":{"line":69,"column":65},"end":{"line":72,"column":7}},"line":69},"5":{"name":"(anonymous_5)","decl":{"start":{"line":80,"column":12},"end":{"line":80,"column":13}},"loc":{"start":{"line":80,"column":18},"end":{"line":89,"column":3}},"line":80},"6":{"name":"loadCategories","decl":{"start":{"line":81,"column":19},"end":{"line":81,"column":33}},"loc":{"start":{"line":81,"column":51},"end":{"line":86,"column":5}},"line":81},"7":{"name":"handleSelectCategory","decl":{"start":{"line":91,"column":11},"end":{"line":91,"column":31}},"loc":{"start":{"line":91,"column":50},"end":{"line":93,"column":3}},"line":91},"8":{"name":"(anonymous_8)","decl":{"start":{"line":103,"column":19},"end":{"line":103,"column":20}},"loc":{"start":{"line":103,"column":25},"end":{"line":103,"column":52}},"line":103},"9":{"name":"(anonymous_9)","decl":{"start":{"line":123,"column":28},"end":{"line":123,"column":29}},"loc":{"start":{"line":124,"column":14},"end":{"line":136,"column":29}},"line":124},"10":{"name":"(anonymous_10)","decl":{"start":{"line":127,"column":25},"end":{"line":127,"column":26}},"loc":{"start":{"line":127,"column":31},"end":{"line":127,"column":64}},"line":127},"11":{"name":"(anonymous_11)","decl":{"start":{"line":143,"column":23},"end":{"line":143,"column":24}},"loc":{"start":{"line":144,"column":14},"end":{"line":161,"column":21}},"line":144},"12":{"name":"(anonymous_12)","decl":{"start":{"line":146,"column":25},"end":{"line":146,"column":26}},"loc":{"start":{"line":146,"column":31},"end":{"line":146,"column":54}},"line":146}},"branchMap":{},"s":{"0":1,"1":8,"2":8,"3":8,"4":8,"5":8,"6":8,"7":0,"8":8,"9":4,"10":0,"11":0,"12":0,"13":4,"14":8,"15":4,"16":4,"17":4,"18":8,"19":0,"20":6,"21":0,"22":0,"23":0},"f":{"0":8,"1":0,"2":4,"3":4,"4":0,"5":4,"6":4,"7":0,"8":0,"9":6,"10":0,"11":0,"12":0},"b":{},"_coverageSchema":"1a1c01bbd47fc00a2c39e90264f33305004495a9","hash":"7ceb3207fd51064ef104420a0d4d5e8896006190"}
,"/home/burn/GoStack/2020/challenges-bootcamp/challenge11/src/pages/Dashboard/styles.ts": {"path":"/home/burn/GoStack/2020/challenges-bootcamp/challenge11/src/pages/Dashboard/styles.ts","statementMap":{"0":{"start":{"line":7,"column":25},"end":{"line":10,"column":1}},"1":{"start":{"line":12,"column":22},"end":{"line":19,"column":1}},"2":{"start":{"line":21,"column":31},"end":{"line":24,"column":1}},"3":{"start":{"line":26,"column":21},"end":{"line":34,"column":1}},"4":{"start":{"line":36,"column":33},"end":{"line":38,"column":1}},"5":{"start":{"line":40,"column":30},"end":{"line":42,"column":1}},"6":{"start":{"line":44,"column":28},"end":{"line":63,"column":1}},"7":{"start":{"line":58,"column":4},"end":{"line":62,"column":5}},"8":{"start":{"line":65,"column":33},"end":{"line":72,"column":1}},"9":{"start":{"line":74,"column":30},"end":{"line":76,"column":1}},"10":{"start":{"line":78,"column":24},"end":{"line":81,"column":1}},"11":{"start":{"line":83,"column":20},"end":{"line":90,"column":1}},"12":{"start":{"line":92,"column":34},"end":{"line":98,"column":1}},"13":{"start":{"line":100,"column":27},"end":{"line":103,"column":1}},"14":{"start":{"line":105,"column":25},"end":{"line":112,"column":1}},"15":{"start":{"line":113,"column":31},"end":{"line":121,"column":1}},"16":{"start":{"line":123,"column":27},"end":{"line":132,"column":1}}},"fnMap":{"0":{"name":"(anonymous_0)","decl":{"start":{"line":57,"column":4},"end":{"line":57,"column":5}},"loc":{"start":{"line":58,"column":4},"end":{"line":62,"column":5}},"line":58}},"branchMap":{"0":{"loc":{"start":{"line":58,"column":4},"end":{"line":62,"column":5}},"type":"binary-expr","locations":[{"start":{"line":58,"column":4},"end":{"line":58,"column":20}},{"start":{"line":59,"column":4},"end":{"line":62,"column":5}}],"line":58}},"s":{"0":1,"1":1,"2":1,"3":1,"4":1,"5":1,"6":1,"7":6,"8":1,"9":1,"10":1,"11":1,"12":1,"13":1,"14":1,"15":1,"16":1},"f":{"0":6},"b":{"0":[6,0]},"_coverageSchema":"1a1c01bbd47fc00a2c39e90264f33305004495a9","hash":"eac96fe6165425d92b2e6312ca891a4dfc9798b0"}
,"/home/burn/GoStack/2020/challenges-bootcamp/challenge11/src/pages/Favorites/index.tsx": {"path":"/home/burn/GoStack/2020/challenges-bootcamp/challenge11/src/pages/Favorites/index.tsx","statementMap":{"0":{"start":{"line":30,"column":28},"end":{"line":74,"column":1}},"1":{"start":{"line":31,"column":36},"end":{"line":31,"column":56}},"2":{"start":{"line":33,"column":2},"end":{"line":43,"column":9}},"3":{"start":{"line":37,"column":23},"end":{"line":37,"column":50}},"4":{"start":{"line":39,"column":6},"end":{"line":39,"column":25}},"5":{"start":{"line":42,"column":4},"end":{"line":42,"column":20}},"6":{"start":{"line":45,"column":2},"end":{"line":73,"column":4}},"7":{"start":{"line":54,"column":32},"end":{"line":54,"column":47}},"8":{"start":{"line":56,"column":12},"end":{"line":68,"column":19}}},"fnMap":{"0":{"name":"(anonymous_0)","decl":{"start":{"line":30,"column":28},"end":{"line":30,"column":29}},"loc":{"start":{"line":30,"column":34},"end":{"line":74,"column":1}},"line":30},"1":{"name":"(anonymous_1)","decl":{"start":{"line":33,"column":12},"end":{"line":33,"column":13}},"loc":{"start":{"line":33,"column":18},"end":{"line":43,"column":3}},"line":33},"2":{"name":"loadFavorites","decl":{"start":{"line":34,"column":19},"end":{"line":34,"column":32}},"loc":{"start":{"line":34,"column":50},"end":{"line":40,"column":5}},"line":34},"3":{"name":"(anonymous_3)","decl":{"start":{"line":54,"column":24},"end":{"line":54,"column":25}},"loc":{"start":{"line":54,"column":32},"end":{"line":54,"column":47}},"line":54},"4":{"name":"(anonymous_4)","decl":{"start":{"line":55,"column":22},"end":{"line":55,"column":23}},"loc":{"start":{"line":56,"column":12},"end":{"line":68,"column":19}},"line":56}},"branchMap":{},"s":{"0":1,"1":2,"2":2,"3":1,"4":1,"5":1,"6":2,"7":5,"8":2},"f":{"0":2,"1":1,"2":1,"3":5,"4":2},"b":{},"_coverageSchema":"1a1c01bbd47fc00a2c39e90264f33305004495a9","hash":"47d4449e412b1d33d9ec7a65bd38279758db5a06"}
,"/home/burn/GoStack/2020/challenges-bootcamp/challenge11/src/pages/Favorites/styles.ts": {"path":"/home/burn/GoStack/2020/challenges-bootcamp/challenge11/src/pages/Favorites/styles.ts","statementMap":{"0":{"start":{"line":13,"column":25},"end":{"line":16,"column":1}},"1":{"start":{"line":18,"column":22},"end":{"line":24,"column":1}},"2":{"start":{"line":26,"column":27},"end":{"line":33,"column":1}},"3":{"start":{"line":35,"column":30},"end":{"line":38,"column":1}},"4":{"start":{"line":40,"column":24},"end":{"line":45,"column":1}},"5":{"start":{"line":47,"column":20},"end":{"line":56,"column":1}},"6":{"start":{"line":58,"column":34},"end":{"line":65,"column":1}},"7":{"start":{"line":67,"column":27},"end":{"line":71,"column":1}},"8":{"start":{"line":72,"column":25},"end":{"line":80,"column":1}},"9":{"start":{"line":81,"column":31},"end":{"line":91,"column":1}},"10":{"start":{"line":93,"column":27},"end":{"line":105,"column":1}}},"fnMap":{},"branchMap":{},"s":{"0":1,"1":1,"2":1,"3":1,"4":1,"5":1,"6":1,"7":1,"8":1,"9":1,"10":1},"f":{},"b":{},"_coverageSchema":"1a1c01bbd47fc00a2c39e90264f33305004495a9","hash":"00552feccc674e7467748e070352f1cc5ceb854f"}
,"/home/burn/GoStack/2020/challenges-bootcamp/challenge11/src/pages/FoodDetails/index.tsx": {"path":"/home/burn/GoStack/2020/challenges-bootcamp/challenge11/src/pages/FoodDetails/index.tsx","statementMap":{"0":{"start":{"line":63,"column":30},"end":{"line":256,"column":1}},"1":{"start":{"line":64,"column":26},"end":{"line":64,"column":46}},"2":{"start":{"line":65,"column":30},"end":{"line":65,"column":51}},"3":{"start":{"line":66,"column":38},"end":{"line":66,"column":53}},"4":{"start":{"line":67,"column":42},"end":{"line":67,"column":53}},"5":{"start":{"line":69,"column":21},"end":{"line":69,"column":36}},"6":{"start":{"line":70,"column":16},"end":{"line":70,"column":26}},"7":{"start":{"line":72,"column":22},"end":{"line":72,"column":44}},"8":{"start":{"line":74,"column":2},"end":{"line":91,"column":20}},"9":{"start":{"line":76,"column":23},"end":{"line":76,"column":70}},"10":{"start":{"line":78,"column":33},"end":{"line":81,"column":7}},"11":{"start":{"line":82,"column":6},"end":{"line":82,"column":34}},"12":{"start":{"line":84,"column":28},"end":{"line":87,"column":9}},"13":{"start":{"line":84,"column":63},"end":{"line":87,"column":7}},"14":{"start":{"line":88,"column":6},"end":{"line":88,"column":31}},"15":{"start":{"line":90,"column":4},"end":{"line":90,"column":15}},"16":{"start":{"line":95,"column":27},"end":{"line":97,"column":5}},"17":{"start":{"line":96,"column":6},"end":{"line":96,"column":74}},"18":{"start":{"line":99,"column":4},"end":{"line":99,"column":30}},"19":{"start":{"line":104,"column":26},"end":{"line":104,"column":63}},"20":{"start":{"line":104,"column":47},"end":{"line":104,"column":62}},"21":{"start":{"line":106,"column":4},"end":{"line":108,"column":5}},"22":{"start":{"line":107,"column":6},"end":{"line":107,"column":13}},"23":{"start":{"line":109,"column":27},"end":{"line":111,"column":5}},"24":{"start":{"line":110,"column":6},"end":{"line":110,"column":74}},"25":{"start":{"line":113,"column":4},"end":{"line":113,"column":30}},"26":{"start":{"line":118,"column":4},"end":{"line":118,"column":38}},"27":{"start":{"line":123,"column":4},"end":{"line":125,"column":5}},"28":{"start":{"line":124,"column":6},"end":{"line":124,"column":13}},"29":{"start":{"line":126,"column":4},"end":{"line":126,"column":38}},"30":{"start":{"line":129,"column":25},"end":{"line":131,"column":24}},"31":{"start":{"line":133,"column":20},"end":{"line":146,"column":34}},"32":{"start":{"line":136,"column":23},"end":{"line":139,"column":9}},"33":{"start":{"line":137,"column":25},"end":{"line":137,"column":53}},"34":{"start":{"line":138,"column":6},"end":{"line":138,"column":32}},"35":{"start":{"line":141,"column":22},"end":{"line":141,"column":53}},"36":{"start":{"line":143,"column":23},"end":{"line":143,"column":60}},"37":{"start":{"line":145,"column":4},"end":{"line":145,"column":22}},"38":{"start":{"line":153,"column":27},"end":{"line":156,"column":3}},"39":{"start":{"line":154,"column":11},"end":{"line":154,"column":54}},"40":{"start":{"line":158,"column":2},"end":{"line":170,"column":53}},"41":{"start":{"line":160,"column":4},"end":{"line":169,"column":7}},"42":{"start":{"line":162,"column":8},"end":{"line":167,"column":10}},"43":{"start":{"line":166,"column":25},"end":{"line":166,"column":41}},"44":{"start":{"line":172,"column":2},"end":{"line":255,"column":4}},"45":{"start":{"line":197,"column":12},"end":{"line":218,"column":29}},"46":{"start":{"line":204,"column":33},"end":{"line":204,"column":63}},"47":{"start":{"line":214,"column":33},"end":{"line":214,"column":63}},"48":{"start":{"line":246,"column":44},"end":{"line":246,"column":63}}},"fnMap":{"0":{"name":"(anonymous_0)","decl":{"start":{"line":63,"column":30},"end":{"line":63,"column":31}},"loc":{"start":{"line":63,"column":36},"end":{"line":256,"column":1}},"line":63},"1":{"name":"(anonymous_1)","decl":{"start":{"line":74,"column":12},"end":{"line":74,"column":13}},"loc":{"start":{"line":74,"column":18},"end":{"line":91,"column":3}},"line":74},"2":{"name":"loadFood","decl":{"start":{"line":75,"column":19},"end":{"line":75,"column":27}},"loc":{"start":{"line":75,"column":45},"end":{"line":89,"column":5}},"line":75},"3":{"name":"(anonymous_3)","decl":{"start":{"line":84,"column":44},"end":{"line":84,"column":45}},"loc":{"start":{"line":84,"column":63},"end":{"line":87,"column":7}},"line":84},"4":{"name":"handleIncrementExtra","decl":{"start":{"line":93,"column":11},"end":{"line":93,"column":31}},"loc":{"start":{"line":93,"column":50},"end":{"line":100,"column":3}},"line":93},"5":{"name":"(anonymous_5)","decl":{"start":{"line":95,"column":38},"end":{"line":95,"column":39}},"loc":{"start":{"line":96,"column":6},"end":{"line":96,"column":74}},"line":96},"6":{"name":"handleDecrementExtra","decl":{"start":{"line":102,"column":11},"end":{"line":102,"column":31}},"loc":{"start":{"line":102,"column":50},"end":{"line":114,"column":3}},"line":102},"7":{"name":"(anonymous_7)","decl":{"start":{"line":104,"column":38},"end":{"line":104,"column":39}},"loc":{"start":{"line":104,"column":47},"end":{"line":104,"column":62}},"line":104},"8":{"name":"(anonymous_8)","decl":{"start":{"line":109,"column":38},"end":{"line":109,"column":39}},"loc":{"start":{"line":110,"column":6},"end":{"line":110,"column":74}},"line":110},"9":{"name":"handleIncrementFood","decl":{"start":{"line":116,"column":11},"end":{"line":116,"column":30}},"loc":{"start":{"line":116,"column":39},"end":{"line":119,"column":3}},"line":116},"10":{"name":"handleDecrementFood","decl":{"start":{"line":121,"column":11},"end":{"line":121,"column":30}},"loc":{"start":{"line":121,"column":39},"end":{"line":127,"column":3}},"line":121},"11":{"name":"(anonymous_11)","decl":{"start":{"line":129,"column":37},"end":{"line":129,"column":38}},"loc":{"start":{"line":129,"column":43},"end":{"line":131,"column":3}},"line":129},"12":{"name":"(anonymous_12)","decl":{"start":{"line":133,"column":28},"end":{"line":133,"column":29}},"loc":{"start":{"line":133,"column":34},"end":{"line":146,"column":3}},"line":133},"13":{"name":"(anonymous_13)","decl":{"start":{"line":136,"column":37},"end":{"line":136,"column":38}},"loc":{"start":{"line":136,"column":55},"end":{"line":139,"column":5}},"line":136},"14":{"name":"handleFinishOrder","decl":{"start":{"line":148,"column":17},"end":{"line":148,"column":34}},"loc":{"start":{"line":148,"column":52},"end":{"line":150,"column":3}},"line":148},"15":{"name":"(anonymous_15)","decl":{"start":{"line":154,"column":4},"end":{"line":154,"column":5}},"loc":{"start":{"line":154,"column":11},"end":{"line":154,"column":54}},"line":154},"16":{"name":"(anonymous_16)","decl":{"start":{"line":158,"column":18},"end":{"line":158,"column":19}},"loc":{"start":{"line":158,"column":24},"end":{"line":170,"column":3}},"line":158},"17":{"name":"(anonymous_17)","decl":{"start":{"line":161,"column":19},"end":{"line":161,"column":20}},"loc":{"start":{"line":162,"column":8},"end":{"line":167,"column":10}},"line":162},"18":{"name":"(anonymous_18)","decl":{"start":{"line":166,"column":19},"end":{"line":166,"column":20}},"loc":{"start":{"line":166,"column":25},"end":{"line":166,"column":41}},"line":166},"19":{"name":"(anonymous_19)","decl":{"start":{"line":196,"column":22},"end":{"line":196,"column":23}},"loc":{"start":{"line":197,"column":12},"end":{"line":218,"column":29}},"line":197},"20":{"name":"(anonymous_20)","decl":{"start":{"line":204,"column":27},"end":{"line":204,"column":28}},"loc":{"start":{"line":204,"column":33},"end":{"line":204,"column":63}},"line":204},"21":{"name":"(anonymous_21)","decl":{"start":{"line":214,"column":27},"end":{"line":214,"column":28}},"loc":{"start":{"line":214,"column":33},"end":{"line":214,"column":63}},"line":214},"22":{"name":"(anonymous_22)","decl":{"start":{"line":246,"column":38},"end":{"line":246,"column":39}},"loc":{"start":{"line":246,"column":44},"end":{"line":246,"column":63}},"line":246}},"branchMap":{"0":{"loc":{"start":{"line":96,"column":6},"end":{"line":96,"column":74}},"type":"cond-expr","locations":[{"start":{"line":96,"column":24},"end":{"line":96,"column":66}},{"start":{"line":96,"column":69},"end":{"line":96,"column":74}}],"line":96},"1":{"loc":{"start":{"line":106,"column":4},"end":{"line":108,"column":5}},"type":"if","locations":[{"start":{"line":106,"column":4},"end":{"line":108,"column":5}},{"start":{"line":106,"column":4},"end":{"line":108,"column":5}}],"line":106},"2":{"loc":{"start":{"line":110,"column":6},"end":{"line":110,"column":74}},"type":"cond-expr","locations":[{"start":{"line":110,"column":24},"end":{"line":110,"column":66}},{"start":{"line":110,"column":69},"end":{"line":110,"column":74}}],"line":110},"3":{"loc":{"start":{"line":123,"column":4},"end":{"line":125,"column":5}},"type":"if","locations":[{"start":{"line":123,"column":4},"end":{"line":125,"column":5}},{"start":{"line":123,"column":4},"end":{"line":125,"column":5}}],"line":123},"4":{"loc":{"start":{"line":154,"column":11},"end":{"line":154,"column":54}},"type":"cond-expr","locations":[{"start":{"line":154,"column":24},"end":{"line":154,"column":34}},{"start":{"line":154,"column":37},"end":{"line":154,"column":54}}],"line":154}},"s":{"0":1,"1":30,"2":30,"3":30,"4":30,"5":30,"6":30,"7":30,"8":30,"9":6,"10":6,"11":6,"12":6,"13":11,"14":6,"15":6,"16":4,"17":6,"18":4,"19":1,"20":1,"21":1,"22":0,"23":1,"24":1,"25":1,"26":4,"27":4,"28":1,"29":3,"30":30,"31":30,"32":30,"33":32,"34":32,"35":30,"36":30,"37":30,"38":30,"39":6,"40":30,"41":30,"42":0,"43":0,"44":30,"45":32,"46":1,"47":4,"48":0},"f":{"0":30,"1":6,"2":6,"3":11,"4":4,"5":6,"6":1,"7":1,"8":1,"9":4,"10":4,"11":0,"12":30,"13":32,"14":0,"15":6,"16":30,"17":0,"18":0,"19":32,"20":1,"21":4,"22":0},"b":{"0":[4,2],"1":[0,1],"2":[1,0],"3":[1,3],"4":[0,6]},"_coverageSchema":"1a1c01bbd47fc00a2c39e90264f33305004495a9","hash":"efb1da53558bda738c80d157b9f25fce288d7920"}
,"/home/burn/GoStack/2020/challenges-bootcamp/challenge11/src/pages/FoodDetails/styles.ts": {"path":"/home/burn/GoStack/2020/challenges-bootcamp/challenge11/src/pages/FoodDetails/styles.ts","statementMap":{"0":{"start":{"line":3,"column":25},"end":{"line":6,"column":1}},"1":{"start":{"line":8,"column":22},"end":{"line":15,"column":1}},"2":{"start":{"line":17,"column":31},"end":{"line":23,"column":1}},"3":{"start":{"line":25,"column":30},"end":{"line":27,"column":1}},"4":{"start":{"line":29,"column":20},"end":{"line":35,"column":1}},"5":{"start":{"line":37,"column":34},"end":{"line":42,"column":1}},"6":{"start":{"line":44,"column":27},"end":{"line":46,"column":1}},"7":{"start":{"line":48,"column":25},"end":{"line":54,"column":1}},"8":{"start":{"line":56,"column":31},"end":{"line":64,"column":1}},"9":{"start":{"line":66,"column":27},"end":{"line":75,"column":1}},"10":{"start":{"line":77,"column":21},"end":{"line":84,"column":1}},"11":{"start":{"line":86,"column":36},"end":{"line":89,"column":1}},"12":{"start":{"line":91,"column":30},"end":{"line":99,"column":1}},"13":{"start":{"line":101,"column":34},"end":{"line":108,"column":1}},"14":{"start":{"line":110,"column":34},"end":{"line":115,"column":1}},"15":{"start":{"line":117,"column":30},"end":{"line":120,"column":1}},"16":{"start":{"line":122,"column":36},"end":{"line":127,"column":1}},"17":{"start":{"line":129,"column":26},"end":{"line":137,"column":1}},"18":{"start":{"line":139,"column":33},"end":{"line":149,"column":1}},"19":{"start":{"line":151,"column":33},"end":{"line":157,"column":1}},"20":{"start":{"line":159,"column":26},"end":{"line":166,"column":1}},"21":{"start":{"line":168,"column":29},"end":{"line":173,"column":1}}},"fnMap":{},"branchMap":{},"s":{"0":1,"1":1,"2":1,"3":1,"4":1,"5":1,"6":1,"7":1,"8":1,"9":1,"10":1,"11":1,"12":1,"13":1,"14":1,"15":1,"16":1,"17":1,"18":1,"19":1,"20":1,"21":1},"f":{},"b":{},"_coverageSchema":"1a1c01bbd47fc00a2c39e90264f33305004495a9","hash":"4ab9794fb1802d502c769eb06904a3644450fb83"}
,"/home/burn/GoStack/2020/challenges-bootcamp/challenge11/src/pages/Orders/index.tsx": {"path":"/home/burn/GoStack/2020/challenges-bootcamp/challenge11/src/pages/Orders/index.tsx","statementMap":{"0":{"start":{"line":30,"column":25},"end":{"line":73,"column":1}},"1":{"start":{"line":31,"column":30},"end":{"line":31,"column":50}},"2":{"start":{"line":33,"column":2},"end":{"line":42,"column":9}},"3":{"start":{"line":36,"column":23},"end":{"line":36,"column":47}},"4":{"start":{"line":38,"column":6},"end":{"line":38,"column":22}},"5":{"start":{"line":41,"column":4},"end":{"line":41,"column":17}},"6":{"start":{"line":44,"column":2},"end":{"line":72,"column":4}},"7":{"start":{"line":53,"column":32},"end":{"line":53,"column":47}},"8":{"start":{"line":55,"column":12},"end":{"line":67,"column":19}}},"fnMap":{"0":{"name":"(anonymous_0)","decl":{"start":{"line":30,"column":25},"end":{"line":30,"column":26}},"loc":{"start":{"line":30,"column":31},"end":{"line":73,"column":1}},"line":30},"1":{"name":"(anonymous_1)","decl":{"start":{"line":33,"column":12},"end":{"line":33,"column":13}},"loc":{"start":{"line":33,"column":18},"end":{"line":42,"column":3}},"line":33},"2":{"name":"loadOrders","decl":{"start":{"line":34,"column":19},"end":{"line":34,"column":29}},"loc":{"start":{"line":34,"column":47},"end":{"line":39,"column":5}},"line":34},"3":{"name":"(anonymous_3)","decl":{"start":{"line":53,"column":24},"end":{"line":53,"column":25}},"loc":{"start":{"line":53,"column":32},"end":{"line":53,"column":47}},"line":53},"4":{"name":"(anonymous_4)","decl":{"start":{"line":54,"column":22},"end":{"line":54,"column":23}},"loc":{"start":{"line":55,"column":12},"end":{"line":67,"column":19}},"line":55}},"branchMap":{},"s":{"0":1,"1":2,"2":2,"3":1,"4":1,"5":1,"6":2,"7":5,"8":2},"f":{"0":2,"1":1,"2":1,"3":5,"4":2},"b":{},"_coverageSchema":"1a1c01bbd47fc00a2c39e90264f33305004495a9","hash":"afc5d307148b270c11a9aed2972c9de2ee47a8d8"}
,"/home/burn/GoStack/2020/challenges-bootcamp/challenge11/src/pages/Orders/styles.ts": {"path":"/home/burn/GoStack/2020/challenges-bootcamp/challenge11/src/pages/Orders/styles.ts","statementMap":{"0":{"start":{"line":13,"column":25},"end":{"line":16,"column":1}},"1":{"start":{"line":18,"column":22},"end":{"line":24,"column":1}},"2":{"start":{"line":26,"column":27},"end":{"line":33,"column":1}},"3":{"start":{"line":35,"column":30},"end":{"line":38,"column":1}},"4":{"start":{"line":40,"column":24},"end":{"line":45,"column":1}},"5":{"start":{"line":47,"column":20},"end":{"line":56,"column":1}},"6":{"start":{"line":58,"column":34},"end":{"line":65,"column":1}},"7":{"start":{"line":67,"column":27},"end":{"line":71,"column":1}},"8":{"start":{"line":72,"column":25},"end":{"line":80,"column":1}},"9":{"start":{"line":81,"column":31},"end":{"line":91,"column":1}},"10":{"start":{"line":93,"column":27},"end":{"line":105,"column":1}}},"fnMap":{},"branchMap":{},"s":{"0":1,"1":1,"2":1,"3":1,"4":1,"5":1,"6":1,"7":1,"8":1,"9":1,"10":1},"f":{},"b":{},"_coverageSchema":"1a1c01bbd47fc00a2c39e90264f33305004495a9","hash":"e4b5be2c2e85255466a769d8685b841c034f1c44"}
,"/home/burn/GoStack/2020/challenges-bootcamp/challenge11/src/services/api.ts": {"path":"/home/burn/GoStack/2020/challenges-bootcamp/challenge11/src/services/api.ts","statementMap":{"0":{"start":{"line":3,"column":12},"end":{"line":5,"column":2}}},"fnMap":{},"branchMap":{},"s":{"0":4},"f":{},"b":{},"_coverageSchema":"1a1c01bbd47fc00a2c39e90264f33305004495a9","hash":"c561343732277b0d7a7db5faf6e60a86559beff6"}
,"/home/burn/GoStack/2020/challenges-bootcamp/challenge11/src/utils/formatValue.ts": {"path":"/home/burn/GoStack/2020/challenges-bootcamp/challenge11/src/utils/formatValue.ts","statementMap":{"0":{"start":{"line":1,"column":20},"end":{"line":5,"column":18}},"1":{"start":{"line":2,"column":2},"end":{"line":5,"column":18}}},"fnMap":{"0":{"name":"(anonymous_0)","decl":{"start":{"line":1,"column":20},"end":{"line":1,"column":21}},"loc":{"start":{"line":2,"column":2},"end":{"line":5,"column":18}},"line":2}},"branchMap":{},"s":{"0":1,"1":0},"f":{"0":0},"b":{},"_coverageSchema":"1a1c01bbd47fc00a2c39e90264f33305004495a9","hash":"a9918aa6f7004ca95cb649008ac65a06099fa537"}
}
