TN:
SF:src/components/SearchInput/index.tsx
FN:11,(anonymous_0)
FN:15,(anonymous_1)
FN:19,(anonymous_2)
FNF:3
FNH:1
FNDA:8,(anonymous_0)
FNDA:0,(anonymous_1)
FNDA:0,(anonymous_2)
DA:11,1
DA:12,8
DA:13,8
DA:15,8
DA:16,0
DA:19,8
DA:20,0
DA:22,0
DA:25,8
LF:9
LH:6
BRDA:11,0,0,0
BRDA:30,1,0,0
BRDA:30,1,1,8
BRDA:30,2,0,8
BRDA:30,2,1,8
BRF:5
BRH:3
end_of_record
TN:
SF:src/components/SearchInput/styles.ts
FN:19,(anonymous_0)
FNF:1
FNH:1
FNDA:8,(anonymous_0)
DA:8,1
DA:20,8
DA:26,1
DA:33,1
LF:4
LH:4
BRDA:20,0,0,8
BRDA:20,0,1,0
BRF:2
BRH:1
end_of_record
TN:
SF:src/pages/Dashboard/index.tsx
FN:46,(anonymous_0)
FN:57,(anonymous_1)
FN:64,(anonymous_2)
FN:65,loadFoods
FN:69,(anonymous_4)
FN:80,(anonymous_5)
FN:81,loadCategories
FN:91,handleSelectCategory
FN:103,(anonymous_8)
FN:123,(anonymous_9)
FN:127,(anonymous_10)
FN:143,(anonymous_11)
FN:146,(anonymous_12)
FNF:13
FNH:6
FNDA:8,(anonymous_0)
FNDA:0,(anonymous_1)
FNDA:4,(anonymous_2)
FNDA:4,loadFoods
FNDA:0,(anonymous_4)
FNDA:4,(anonymous_5)
FNDA:4,loadCategories
FNDA:0,handleSelectCategory
FNDA:0,(anonymous_8)
FNDA:6,(anonymous_9)
FNDA:0,(anonymous_10)
FNDA:0,(anonymous_11)
FNDA:0,(anonymous_12)
DA:46,1
DA:47,8
DA:48,8
DA:49,8
DA:52,8
DA:54,8
DA:56,8
DA:59,0
DA:64,8
DA:67,4
DA:69,0
DA:74,0
DA:77,4
DA:80,8
DA:83,4
DA:85,4
DA:88,4
DA:95,8
DA:103,0
DA:124,6
DA:127,0
DA:144,0
DA:146,0
LF:23
LH:16
BRF:0
BRH:0
end_of_record
TN:
SF:src/pages/Dashboard/styles.ts
FN:57,(anonymous_0)
FNF:1
FNH:1
FNDA:6,(anonymous_0)
DA:7,1
DA:12,1
DA:21,1
DA:26,1
DA:36,1
DA:40,1
DA:44,1
DA:58,6
DA:65,1
DA:74,1
DA:78,1
DA:83,1
DA:92,1
DA:100,1
DA:105,1
DA:113,1
DA:123,1
LF:17
LH:17
BRDA:58,0,0,6
BRDA:58,0,1,0
BRF:2
BRH:1
end_of_record
TN:
SF:src/pages/Favorites/index.tsx
FN:30,(anonymous_0)
FN:33,(anonymous_1)
FN:34,loadFavorites
FN:54,(anonymous_3)
FN:55,(anonymous_4)
FNF:5
FNH:5
FNDA:2,(anonymous_0)
FNDA:1,(anonymous_1)
FNDA:1,loadFavorites
FNDA:5,(anonymous_3)
FNDA:2,(anonymous_4)
DA:30,1
DA:31,2
DA:33,2
DA:37,1
DA:39,1
DA:42,1
DA:45,2
DA:54,5
DA:56,2
LF:9
LH:9
BRF:0
BRH:0
end_of_record
TN:
SF:src/pages/Favorites/styles.ts
FNF:0
FNH:0
DA:13,1
DA:18,1
DA:26,1
DA:35,1
DA:40,1
DA:47,1
DA:58,1
DA:67,1
DA:72,1
DA:81,1
DA:93,1
LF:11
LH:11
BRF:0
BRH:0
end_of_record
TN:
SF:src/pages/FoodDetails/index.tsx
FN:63,(anonymous_0)
FN:74,(anonymous_1)
FN:75,loadFood
FN:84,(anonymous_3)
FN:93,handleIncrementExtra
FN:95,(anonymous_5)
FN:102,handleDecrementExtra
FN:104,(anonymous_7)
FN:109,(anonymous_8)
FN:116,handleIncrementFood
FN:121,handleDecrementFood
FN:129,(anonymous_11)
FN:133,(anonymous_12)
FN:136,(anonymous_13)
FN:148,handleFinishOrder
FN:154,(anonymous_15)
FN:158,(anonymous_16)
FN:161,(anonymous_17)
FN:166,(anonymous_18)
FN:196,(anonymous_19)
FN:204,(anonymous_20)
FN:214,(anonymous_21)
FN:246,(anonymous_22)
FNF:23
FNH:18
FNDA:30,(anonymous_0)
FNDA:6,(anonymous_1)
FNDA:6,loadFood
FNDA:11,(anonymous_3)
FNDA:4,handleIncrementExtra
FNDA:6,(anonymous_5)
FNDA:1,handleDecrementExtra
FNDA:1,(anonymous_7)
FNDA:1,(anonymous_8)
FNDA:4,handleIncrementFood
FNDA:4,handleDecrementFood
FNDA:0,(anonymous_11)
FNDA:30,(anonymous_12)
FNDA:32,(anonymous_13)
FNDA:0,handleFinishOrder
FNDA:6,(anonymous_15)
FNDA:30,(anonymous_16)
FNDA:0,(anonymous_17)
FNDA:0,(anonymous_18)
FNDA:32,(anonymous_19)
FNDA:1,(anonymous_20)
FNDA:4,(anonymous_21)
FNDA:0,(anonymous_22)
DA:63,1
DA:64,30
DA:65,30
DA:66,30
DA:67,30
DA:69,30
DA:70,30
DA:72,30
DA:74,30
DA:76,6
DA:78,6
DA:82,6
DA:84,11
DA:88,6
DA:90,6
DA:95,4
DA:96,6
DA:99,4
DA:104,1
DA:106,1
DA:107,0
DA:109,1
DA:110,1
DA:113,1
DA:118,4
DA:123,4
DA:124,1
DA:126,3
DA:129,30
DA:133,30
DA:136,30
DA:137,32
DA:138,32
DA:141,30
DA:143,30
DA:145,30
DA:153,30
DA:154,6
DA:158,30
DA:160,30
DA:162,0
DA:166,0
DA:172,30
DA:197,32
DA:204,1
DA:214,4
DA:246,0
LF:47
LH:43
BRDA:96,0,0,4
BRDA:96,0,1,2
BRDA:106,1,0,0
BRDA:106,1,1,1
BRDA:110,2,0,1
BRDA:110,2,1,0
BRDA:123,3,0,1
BRDA:123,3,1,3
BRDA:154,4,0,0
BRDA:154,4,1,6
BRF:10
BRH:7
end_of_record
TN:
SF:src/pages/FoodDetails/styles.ts
FNF:0
FNH:0
DA:3,1
DA:8,1
DA:17,1
DA:25,1
DA:29,1
DA:37,1
DA:44,1
DA:48,1
DA:56,1
DA:66,1
DA:77,1
DA:86,1
DA:91,1
DA:101,1
DA:110,1
DA:117,1
DA:122,1
DA:129,1
DA:139,1
DA:151,1
DA:159,1
DA:168,1
LF:22
LH:22
BRF:0
BRH:0
end_of_record
TN:
SF:src/pages/Orders/index.tsx
FN:30,(anonymous_0)
FN:33,(anonymous_1)
FN:34,loadOrders
FN:53,(anonymous_3)
FN:54,(anonymous_4)
FNF:5
FNH:5
FNDA:2,(anonymous_0)
FNDA:1,(anonymous_1)
FNDA:1,loadOrders
FNDA:5,(anonymous_3)
FNDA:2,(anonymous_4)
DA:30,1
DA:31,2
DA:33,2
DA:36,1
DA:38,1
DA:41,1
DA:44,2
DA:53,5
DA:55,2
LF:9
LH:9
BRF:0
BRH:0
end_of_record
TN:
SF:src/pages/Orders/styles.ts
FNF:0
FNH:0
DA:13,1
DA:18,1
DA:26,1
DA:35,1
DA:40,1
DA:47,1
DA:58,1
DA:67,1
DA:72,1
DA:81,1
DA:93,1
LF:11
LH:11
BRF:0
BRH:0
end_of_record
TN:
SF:src/services/api.ts
FNF:0
FNH:0
DA:3,4
LF:1
LH:1
BRF:0
BRH:0
end_of_record
TN:
SF:src/utils/formatValue.ts
FN:1,(anonymous_0)
FNF:1
FNH:0
FNDA:0,(anonymous_0)
DA:1,1
DA:2,0
LF:2
LH:1
BRF:0
BRH:0
end_of_record
